[2023-09-19 13:34:39,125] {manager.py:474} INFO - Processing files using up to 2 processes at a time 
[2023-09-19 13:34:39,126] {manager.py:475} INFO - Process each file at most once every 30 seconds
[2023-09-19 13:34:39,127] {manager.py:477} INFO - Checking for new files in /opt/airflow/dags every 300 seconds
[2023-09-19 13:34:39,127] {manager.py:684} INFO - Searching for files in /opt/airflow/dags
[2023-09-19 13:34:39,148] {manager.py:687} INFO - There are 0 files in /opt/airflow/dags
[2023-09-19 13:39:39,738] {manager.py:684} INFO - Searching for files in /opt/airflow/dags
[2023-09-19 13:39:39,741] {manager.py:687} INFO - There are 0 files in /opt/airflow/dags
[2023-09-19 13:44:39,937] {manager.py:684} INFO - Searching for files in /opt/airflow/dags
[2023-09-19 13:44:39,940] {manager.py:687} INFO - There are 0 files in /opt/airflow/dags
[2023-09-19 13:49:40,007] {manager.py:684} INFO - Searching for files in /opt/airflow/dags
[2023-09-19 13:49:40,011] {manager.py:687} INFO - There are 0 files in /opt/airflow/dags
[2023-09-19 13:54:40,314] {manager.py:684} INFO - Searching for files in /opt/airflow/dags
[2023-09-19 13:54:40,320] {manager.py:687} INFO - There are 0 files in /opt/airflow/dags
[2023-09-19 13:59:40,645] {manager.py:684} INFO - Searching for files in /opt/airflow/dags
[2023-09-19 13:59:40,649] {manager.py:687} INFO - There are 0 files in /opt/airflow/dags
[2023-09-19 14:04:40,990] {manager.py:684} INFO - Searching for files in /opt/airflow/dags
[2023-09-19 14:04:40,999] {manager.py:687} INFO - There are 0 files in /opt/airflow/dags
[2023-09-19 14:09:41,356] {manager.py:684} INFO - Searching for files in /opt/airflow/dags
[2023-09-19 14:09:41,365] {manager.py:687} INFO - There are 0 files in /opt/airflow/dags
[2023-09-19 14:14:41,544] {manager.py:684} INFO - Searching for files in /opt/airflow/dags
[2023-09-19 14:14:41,551] {manager.py:687} INFO - There are 0 files in /opt/airflow/dags
[2023-09-19 14:19:41,792] {manager.py:684} INFO - Searching for files in /opt/airflow/dags
[2023-09-19 14:19:41,802] {manager.py:687} INFO - There are 0 files in /opt/airflow/dags
[2023-09-19 14:24:41,934] {manager.py:684} INFO - Searching for files in /opt/airflow/dags
[2023-09-19 14:24:41,941] {manager.py:687} INFO - There are 0 files in /opt/airflow/dags
[2023-09-19 14:29:42,062] {manager.py:684} INFO - Searching for files in /opt/airflow/dags
[2023-09-19 14:29:42,069] {manager.py:687} INFO - There are 0 files in /opt/airflow/dags
[2023-09-19 14:34:42,280] {manager.py:684} INFO - Searching for files in /opt/airflow/dags
[2023-09-19 14:34:42,286] {manager.py:687} INFO - There are 0 files in /opt/airflow/dags
[2023-09-19 14:39:42,508] {manager.py:684} INFO - Searching for files in /opt/airflow/dags
[2023-09-19 14:39:42,512] {manager.py:687} INFO - There are 0 files in /opt/airflow/dags
[2023-09-19 14:44:42,669] {manager.py:684} INFO - Searching for files in /opt/airflow/dags
[2023-09-19 14:44:42,675] {manager.py:687} INFO - There are 0 files in /opt/airflow/dags
[2023-09-19 14:49:43,212] {manager.py:684} INFO - Searching for files in /opt/airflow/dags
[2023-09-19 14:49:43,218] {manager.py:687} INFO - There are 0 files in /opt/airflow/dags
[2023-09-19 14:54:43,445] {manager.py:684} INFO - Searching for files in /opt/airflow/dags
[2023-09-19 14:54:43,453] {manager.py:687} INFO - There are 0 files in /opt/airflow/dags
[2023-09-19 14:59:43,777] {manager.py:684} INFO - Searching for files in /opt/airflow/dags
[2023-09-19 14:59:43,786] {manager.py:687} INFO - There are 0 files in /opt/airflow/dags
[2023-09-19 15:08:02,350] {manager.py:684} INFO - Searching for files in /opt/airflow/dags
[2023-09-19 15:08:02,358] {manager.py:687} INFO - There are 0 files in /opt/airflow/dags
[2023-09-19 16:05:42,370] {manager.py:684} INFO - Searching for files in /opt/airflow/dags
[2023-09-19 16:05:42,375] {manager.py:687} INFO - There are 0 files in /opt/airflow/dags
[2023-09-19 16:31:31,546] {manager.py:684} INFO - Searching for files in /opt/airflow/dags
[2023-09-19 16:31:31,563] {manager.py:687} INFO - There are 0 files in /opt/airflow/dags
[2023-09-19 16:36:35,518] {manager.py:684} INFO - Searching for files in /opt/airflow/dags
[2023-09-19 16:36:35,533] {manager.py:687} INFO - There are 0 files in /opt/airflow/dags
[2023-09-19 17:29:32,562] {manager.py:684} INFO - Searching for files in /opt/airflow/dags
[2023-09-19 17:29:32,571] {manager.py:687} INFO - There are 0 files in /opt/airflow/dags
[2023-09-19 18:04:15,706] {manager.py:684} INFO - Searching for files in /opt/airflow/dags
[2023-09-19 18:04:15,739] {manager.py:687} INFO - There are 0 files in /opt/airflow/dags
[2023-09-19 19:26:56,350] {manager.py:684} INFO - Searching for files in /opt/airflow/dags
[2023-09-19 19:26:56,360] {manager.py:687} INFO - There are 0 files in /opt/airflow/dags
[2023-09-19 20:31:23,515] {manager.py:684} INFO - Searching for files in /opt/airflow/dags
[2023-09-19 20:31:23,525] {manager.py:687} INFO - There are 0 files in /opt/airflow/dags
[2023-09-19 21:37:50,449] {manager.py:684} INFO - Searching for files in /opt/airflow/dags
[2023-09-19 21:37:50,457] {manager.py:687} INFO - There are 0 files in /opt/airflow/dags
[2023-09-19 23:03:26,028] {manager.py:684} INFO - Searching for files in /opt/airflow/dags
[2023-09-19 23:03:26,058] {manager.py:687} INFO - There are 0 files in /opt/airflow/dags
[2023-09-20 00:02:34,345] {manager.py:684} INFO - Searching for files in /opt/airflow/dags
[2023-09-20 00:02:34,348] {manager.py:687} INFO - There are 0 files in /opt/airflow/dags
[2023-09-20 01:11:01,324] {manager.py:684} INFO - Searching for files in /opt/airflow/dags
[2023-09-20 01:11:01,329] {manager.py:687} INFO - There are 0 files in /opt/airflow/dags
[2023-09-20 02:06:44,737] {manager.py:684} INFO - Searching for files in /opt/airflow/dags
[2023-09-20 02:06:44,747] {manager.py:687} INFO - There are 0 files in /opt/airflow/dags
[2023-09-20 02:25:28,908] {manager.py:684} INFO - Searching for files in /opt/airflow/dags
[2023-09-20 02:25:28,916] {manager.py:687} INFO - There are 0 files in /opt/airflow/dags
[2023-09-20 02:35:32,255] {manager.py:684} INFO - Searching for files in /opt/airflow/dags
[2023-09-20 02:35:32,316] {manager.py:687} INFO - There are 0 files in /opt/airflow/dags
[2023-09-20 02:53:23,399] {manager.py:684} INFO - Searching for files in /opt/airflow/dags
[2023-09-20 02:53:23,406] {manager.py:687} INFO - There are 0 files in /opt/airflow/dags
[2023-09-20 02:58:23,423] {manager.py:684} INFO - Searching for files in /opt/airflow/dags
[2023-09-20 02:58:23,430] {manager.py:687} INFO - There are 0 files in /opt/airflow/dags
[2023-09-20 03:03:23,527] {manager.py:684} INFO - Searching for files in /opt/airflow/dags
[2023-09-20 03:03:23,539] {manager.py:687} INFO - There are 0 files in /opt/airflow/dags
[2023-09-20 03:08:23,814] {manager.py:684} INFO - Searching for files in /opt/airflow/dags
[2023-09-20 03:08:23,819] {manager.py:687} INFO - There are 0 files in /opt/airflow/dags
[2023-09-20 03:13:24,198] {manager.py:684} INFO - Searching for files in /opt/airflow/dags
[2023-09-20 03:13:24,222] {manager.py:687} INFO - There are 0 files in /opt/airflow/dags
[2023-09-20 03:18:24,551] {manager.py:684} INFO - Searching for files in /opt/airflow/dags
[2023-09-20 03:18:24,564] {manager.py:687} INFO - There are 0 files in /opt/airflow/dags
[2023-09-20 03:23:24,969] {manager.py:684} INFO - Searching for files in /opt/airflow/dags
[2023-09-20 03:23:24,992] {manager.py:687} INFO - There are 0 files in /opt/airflow/dags
[2023-09-20 03:28:25,343] {manager.py:684} INFO - Searching for files in /opt/airflow/dags
[2023-09-20 03:28:25,348] {manager.py:687} INFO - There are 0 files in /opt/airflow/dags
[2023-09-20 03:33:25,431] {manager.py:684} INFO - Searching for files in /opt/airflow/dags
[2023-09-20 03:33:25,441] {manager.py:687} INFO - There are 0 files in /opt/airflow/dags
[2023-09-20 03:38:25,828] {manager.py:684} INFO - Searching for files in /opt/airflow/dags
[2023-09-20 03:38:25,833] {manager.py:687} INFO - There are 0 files in /opt/airflow/dags
[2023-09-20 03:43:26,071] {manager.py:684} INFO - Searching for files in /opt/airflow/dags
[2023-09-20 03:43:26,083] {manager.py:687} INFO - There are 0 files in /opt/airflow/dags
[2023-09-20 03:48:26,249] {manager.py:684} INFO - Searching for files in /opt/airflow/dags
[2023-09-20 03:48:26,258] {manager.py:687} INFO - There are 0 files in /opt/airflow/dags
[2023-09-20 03:53:26,408] {manager.py:684} INFO - Searching for files in /opt/airflow/dags
[2023-09-20 03:53:26,417] {manager.py:687} INFO - There are 0 files in /opt/airflow/dags
[2023-09-20 03:58:26,859] {manager.py:684} INFO - Searching for files in /opt/airflow/dags
[2023-09-20 03:58:26,865] {manager.py:687} INFO - There are 0 files in /opt/airflow/dags
[2023-09-20 04:03:27,217] {manager.py:684} INFO - Searching for files in /opt/airflow/dags
[2023-09-20 04:03:27,222] {manager.py:687} INFO - There are 0 files in /opt/airflow/dags
[2023-09-20 04:08:27,494] {manager.py:684} INFO - Searching for files in /opt/airflow/dags
[2023-09-20 04:08:27,500] {manager.py:687} INFO - There are 0 files in /opt/airflow/dags
[2023-09-20 04:19:21,475] {manager.py:684} INFO - Searching for files in /opt/airflow/dags
[2023-09-20 04:19:21,481] {manager.py:687} INFO - There are 0 files in /opt/airflow/dags
[2023-09-20 04:24:21,758] {manager.py:684} INFO - Searching for files in /opt/airflow/dags
[2023-09-20 04:24:21,766] {manager.py:687} INFO - There are 0 files in /opt/airflow/dags
[2023-09-20 04:29:22,102] {manager.py:684} INFO - Searching for files in /opt/airflow/dags
[2023-09-20 04:29:22,109] {manager.py:687} INFO - There are 0 files in /opt/airflow/dags
[2023-09-20 04:34:22,263] {manager.py:684} INFO - Searching for files in /opt/airflow/dags
[2023-09-20 04:34:22,267] {manager.py:687} INFO - There are 0 files in /opt/airflow/dags
[2023-09-20 04:39:22,973] {manager.py:684} INFO - Searching for files in /opt/airflow/dags
[2023-09-20 04:39:22,977] {manager.py:687} INFO - There are 0 files in /opt/airflow/dags
[2023-09-20 04:44:23,457] {manager.py:684} INFO - Searching for files in /opt/airflow/dags
[2023-09-20 04:44:23,480] {manager.py:687} INFO - There are 0 files in /opt/airflow/dags
[2023-09-20 04:49:23,774] {manager.py:684} INFO - Searching for files in /opt/airflow/dags
[2023-09-20 04:49:23,777] {manager.py:687} INFO - There are 0 files in /opt/airflow/dags
[2023-09-20 04:54:24,214] {manager.py:684} INFO - Searching for files in /opt/airflow/dags
[2023-09-20 04:54:24,221] {manager.py:687} INFO - There are 0 files in /opt/airflow/dags
[2023-09-20 04:59:24,421] {manager.py:684} INFO - Searching for files in /opt/airflow/dags
[2023-09-20 04:59:24,427] {manager.py:687} INFO - There are 0 files in /opt/airflow/dags
[2023-09-20 05:04:24,985] {manager.py:684} INFO - Searching for files in /opt/airflow/dags
[2023-09-20 05:04:24,998] {manager.py:687} INFO - There are 0 files in /opt/airflow/dags
[2023-09-20 05:09:25,085] {manager.py:684} INFO - Searching for files in /opt/airflow/dags
[2023-09-20 05:09:25,093] {manager.py:687} INFO - There are 0 files in /opt/airflow/dags
[2023-09-20 05:14:25,205] {manager.py:684} INFO - Searching for files in /opt/airflow/dags
[2023-09-20 05:14:25,213] {manager.py:687} INFO - There are 0 files in /opt/airflow/dags
[2023-09-20 05:19:25,380] {manager.py:684} INFO - Searching for files in /opt/airflow/dags
[2023-09-20 05:19:25,390] {manager.py:687} INFO - There are 0 files in /opt/airflow/dags
[2023-09-20 05:24:25,633] {manager.py:684} INFO - Searching for files in /opt/airflow/dags
[2023-09-20 05:24:25,638] {manager.py:687} INFO - There are 0 files in /opt/airflow/dags
[2023-09-20 05:29:25,788] {manager.py:684} INFO - Searching for files in /opt/airflow/dags
[2023-09-20 05:29:25,793] {manager.py:687} INFO - There are 0 files in /opt/airflow/dags
[2023-09-20 05:34:25,880] {manager.py:684} INFO - Searching for files in /opt/airflow/dags
[2023-09-20 05:34:25,889] {manager.py:687} INFO - There are 0 files in /opt/airflow/dags
[2023-09-20 05:39:26,041] {manager.py:684} INFO - Searching for files in /opt/airflow/dags
[2023-09-20 05:39:26,047] {manager.py:687} INFO - There are 0 files in /opt/airflow/dags
[2023-09-20 05:44:26,216] {manager.py:684} INFO - Searching for files in /opt/airflow/dags
[2023-09-20 05:44:26,220] {manager.py:687} INFO - There are 0 files in /opt/airflow/dags
[2023-09-20 05:49:26,381] {manager.py:684} INFO - Searching for files in /opt/airflow/dags
[2023-09-20 05:49:26,386] {manager.py:687} INFO - There are 0 files in /opt/airflow/dags
[2023-09-20 05:54:26,591] {manager.py:684} INFO - Searching for files in /opt/airflow/dags
[2023-09-20 05:54:26,599] {manager.py:687} INFO - There are 0 files in /opt/airflow/dags
[2023-09-20 05:59:26,775] {manager.py:684} INFO - Searching for files in /opt/airflow/dags
[2023-09-20 05:59:26,782] {manager.py:687} INFO - There are 0 files in /opt/airflow/dags
[2023-09-20 06:04:26,948] {manager.py:684} INFO - Searching for files in /opt/airflow/dags
[2023-09-20 06:04:26,958] {manager.py:687} INFO - There are 0 files in /opt/airflow/dags
[2023-09-20 06:09:27,172] {manager.py:684} INFO - Searching for files in /opt/airflow/dags
[2023-09-20 06:09:27,181] {manager.py:687} INFO - There are 0 files in /opt/airflow/dags
[2023-09-20 06:14:27,372] {manager.py:684} INFO - Searching for files in /opt/airflow/dags
[2023-09-20 06:14:27,381] {manager.py:687} INFO - There are 0 files in /opt/airflow/dags
[2023-09-20 06:19:27,583] {manager.py:684} INFO - Searching for files in /opt/airflow/dags
[2023-09-20 06:19:27,594] {manager.py:687} INFO - There are 0 files in /opt/airflow/dags
[2023-09-20 06:24:27,769] {manager.py:684} INFO - Searching for files in /opt/airflow/dags
[2023-09-20 06:24:27,779] {manager.py:687} INFO - There are 0 files in /opt/airflow/dags
[2023-09-20 06:29:27,922] {manager.py:684} INFO - Searching for files in /opt/airflow/dags
[2023-09-20 06:29:27,930] {manager.py:687} INFO - There are 0 files in /opt/airflow/dags
[2023-09-20 06:34:28,064] {manager.py:684} INFO - Searching for files in /opt/airflow/dags
[2023-09-20 06:34:28,073] {manager.py:687} INFO - There are 0 files in /opt/airflow/dags
[2023-09-20 06:39:28,898] {manager.py:684} INFO - Searching for files in /opt/airflow/dags
[2023-09-20 06:39:28,906] {manager.py:687} INFO - There are 0 files in /opt/airflow/dags
[2023-09-20 06:44:29,016] {manager.py:684} INFO - Searching for files in /opt/airflow/dags
[2023-09-20 06:44:29,024] {manager.py:687} INFO - There are 0 files in /opt/airflow/dags
[2023-09-20 06:49:29,140] {manager.py:684} INFO - Searching for files in /opt/airflow/dags
[2023-09-20 06:49:29,150] {manager.py:687} INFO - There are 0 files in /opt/airflow/dags
[2023-09-20 06:54:29,330] {manager.py:684} INFO - Searching for files in /opt/airflow/dags
[2023-09-20 06:54:29,335] {manager.py:687} INFO - There are 0 files in /opt/airflow/dags
[2023-09-20 06:59:29,410] {manager.py:684} INFO - Searching for files in /opt/airflow/dags
[2023-09-20 06:59:29,415] {manager.py:687} INFO - There are 0 files in /opt/airflow/dags
[2023-09-20 07:04:29,640] {manager.py:684} INFO - Searching for files in /opt/airflow/dags
[2023-09-20 07:04:29,652] {manager.py:687} INFO - There are 0 files in /opt/airflow/dags
[2023-09-20 07:09:29,830] {manager.py:684} INFO - Searching for files in /opt/airflow/dags
[2023-09-20 07:09:29,841] {manager.py:687} INFO - There are 0 files in /opt/airflow/dags
[2023-09-20 07:14:30,051] {manager.py:684} INFO - Searching for files in /opt/airflow/dags
[2023-09-20 07:14:30,064] {manager.py:687} INFO - There are 0 files in /opt/airflow/dags
[2023-09-20 07:19:30,162] {manager.py:684} INFO - Searching for files in /opt/airflow/dags
[2023-09-20 07:19:30,166] {manager.py:687} INFO - There are 0 files in /opt/airflow/dags
[2023-09-20 07:24:30,284] {manager.py:684} INFO - Searching for files in /opt/airflow/dags
[2023-09-20 07:24:30,289] {manager.py:687} INFO - There are 0 files in /opt/airflow/dags
[2023-09-20 07:29:30,461] {manager.py:684} INFO - Searching for files in /opt/airflow/dags
[2023-09-20 07:29:30,464] {manager.py:687} INFO - There are 0 files in /opt/airflow/dags
[2023-09-20 07:34:30,895] {manager.py:684} INFO - Searching for files in /opt/airflow/dags
[2023-09-20 07:34:30,902] {manager.py:687} INFO - There are 0 files in /opt/airflow/dags
[2023-09-20 07:39:31,187] {manager.py:684} INFO - Searching for files in /opt/airflow/dags
[2023-09-20 07:39:31,199] {manager.py:687} INFO - There are 0 files in /opt/airflow/dags
[2023-09-20 07:44:31,359] {manager.py:684} INFO - Searching for files in /opt/airflow/dags
[2023-09-20 07:44:31,366] {manager.py:687} INFO - There are 0 files in /opt/airflow/dags
[2023-09-20 07:49:31,444] {manager.py:684} INFO - Searching for files in /opt/airflow/dags
[2023-09-20 07:49:31,473] {manager.py:687} INFO - There are 0 files in /opt/airflow/dags
[2023-09-20 07:54:31,608] {manager.py:684} INFO - Searching for files in /opt/airflow/dags
[2023-09-20 07:54:31,617] {manager.py:687} INFO - There are 0 files in /opt/airflow/dags
[2023-09-20 07:59:31,821] {manager.py:684} INFO - Searching for files in /opt/airflow/dags
[2023-09-20 07:59:31,829] {manager.py:687} INFO - There are 0 files in /opt/airflow/dags
[2023-09-20 08:04:32,030] {manager.py:684} INFO - Searching for files in /opt/airflow/dags
[2023-09-20 08:04:32,038] {manager.py:687} INFO - There are 0 files in /opt/airflow/dags
[2023-09-20 08:09:32,249] {manager.py:684} INFO - Searching for files in /opt/airflow/dags
[2023-09-20 08:09:32,253] {manager.py:687} INFO - There are 0 files in /opt/airflow/dags
[2023-09-20 08:14:32,557] {manager.py:684} INFO - Searching for files in /opt/airflow/dags
[2023-09-20 08:14:32,562] {manager.py:687} INFO - There are 0 files in /opt/airflow/dags
[2023-09-20 08:19:32,716] {manager.py:684} INFO - Searching for files in /opt/airflow/dags
[2023-09-20 08:19:32,722] {manager.py:687} INFO - There are 0 files in /opt/airflow/dags
[2023-09-20 08:24:32,894] {manager.py:684} INFO - Searching for files in /opt/airflow/dags
[2023-09-20 08:24:32,898] {manager.py:687} INFO - There are 0 files in /opt/airflow/dags
[2023-09-20 08:29:33,190] {manager.py:684} INFO - Searching for files in /opt/airflow/dags
[2023-09-20 08:29:33,198] {manager.py:687} INFO - There are 0 files in /opt/airflow/dags
[2023-09-20 08:34:33,456] {manager.py:684} INFO - Searching for files in /opt/airflow/dags
[2023-09-20 08:34:33,459] {manager.py:687} INFO - There are 0 files in /opt/airflow/dags
[2023-09-20 08:39:33,484] {manager.py:684} INFO - Searching for files in /opt/airflow/dags
[2023-09-20 08:39:33,494] {manager.py:687} INFO - There are 0 files in /opt/airflow/dags
[2023-09-20 08:44:33,671] {manager.py:684} INFO - Searching for files in /opt/airflow/dags
[2023-09-20 08:44:33,677] {manager.py:687} INFO - There are 0 files in /opt/airflow/dags
[2023-09-20 08:49:33,949] {manager.py:684} INFO - Searching for files in /opt/airflow/dags
[2023-09-20 08:49:33,959] {manager.py:687} INFO - There are 0 files in /opt/airflow/dags
[2023-09-20 08:54:34,247] {manager.py:684} INFO - Searching for files in /opt/airflow/dags
[2023-09-20 08:54:34,251] {manager.py:687} INFO - There are 0 files in /opt/airflow/dags
[2023-09-20 08:59:34,376] {manager.py:684} INFO - Searching for files in /opt/airflow/dags
[2023-09-20 08:59:34,380] {manager.py:687} INFO - There are 0 files in /opt/airflow/dags
[2023-09-20 09:04:34,494] {manager.py:684} INFO - Searching for files in /opt/airflow/dags
[2023-09-20 09:04:34,498] {manager.py:687} INFO - There are 0 files in /opt/airflow/dags
[2023-09-20 09:09:34,573] {manager.py:684} INFO - Searching for files in /opt/airflow/dags
[2023-09-20 09:09:34,583] {manager.py:687} INFO - There are 0 files in /opt/airflow/dags
[2023-09-20 09:14:34,696] {manager.py:684} INFO - Searching for files in /opt/airflow/dags
[2023-09-20 09:14:34,703] {manager.py:687} INFO - There are 0 files in /opt/airflow/dags
[2023-09-20 09:19:35,041] {manager.py:684} INFO - Searching for files in /opt/airflow/dags
[2023-09-20 09:19:35,045] {manager.py:687} INFO - There are 0 files in /opt/airflow/dags
[2023-09-20 09:24:35,410] {manager.py:684} INFO - Searching for files in /opt/airflow/dags
[2023-09-20 09:24:35,415] {manager.py:687} INFO - There are 0 files in /opt/airflow/dags
[2023-09-20 09:29:36,185] {manager.py:684} INFO - Searching for files in /opt/airflow/dags
[2023-09-20 09:29:36,188] {manager.py:687} INFO - There are 0 files in /opt/airflow/dags
